2019-10-10 15:19:13,784  INFO [main] LogReport:21 - Chrome browser opens
2019-10-10 15:19:19,401  INFO [main] LogReport:21 - Application is open
2019-10-10 15:19:23,678  INFO [main] LogReport:21 - Games validated
2019-10-10 15:19:25,151  INFO [main] LogReport:21 - product unavailability message verified
2019-10-10 15:19:28,003  INFO [main] LogReport:21 - Chrome browser opens
2019-10-10 15:19:33,735  INFO [main] LogReport:21 - Application is open
2019-10-10 15:19:59,848 DEBUG [main] cache:45 - Couldn't find template in cache for "Extent.ftl"("en_US", UTF-8, parsed); will try to load it.
2019-10-10 15:19:59,851 DEBUG [main] cache:45 - TemplateLoader.findTemplateSource("Extent_en_US.ftl"): Not found
2019-10-10 15:19:59,854 DEBUG [main] cache:45 - TemplateLoader.findTemplateSource("Extent_en.ftl"): Not found
2019-10-10 15:19:59,857 DEBUG [main] cache:45 - TemplateLoader.findTemplateSource("Extent.ftl"): Found
2019-10-10 15:19:59,860 DEBUG [main] cache:45 - Loading template for "Extent.ftl"("en_US", UTF-8, parsed) from "jar:file:/C:/Users/David.Easterraj/.m2/repository/com/relevantcodes/extentreports/2.41.2/extentreports-2.41.2.jar!/com/relevantcodes/extentreports/view/Extent.ftl"
2019-10-10 15:20:37,207  INFO [main] LogReport:21 - Chrome browser opens
2019-10-10 15:20:42,564  INFO [main] LogReport:21 - Application is open
2019-10-10 15:20:46,472  INFO [main] LogReport:21 - Games validated
2019-10-10 15:20:47,884  INFO [main] LogReport:21 - product unavailability message verified
2019-10-10 15:20:50,664  INFO [main] LogReport:21 - Chrome browser opens
2019-10-10 15:20:56,224  INFO [main] LogReport:21 - Application is open
2019-10-10 15:21:16,955 DEBUG [main] cache:45 - Couldn't find template in cache for "Extent.ftl"("en_US", UTF-8, parsed); will try to load it.
2019-10-10 15:21:16,959 DEBUG [main] cache:45 - TemplateLoader.findTemplateSource("Extent_en_US.ftl"): Not found
2019-10-10 15:21:16,962 DEBUG [main] cache:45 - TemplateLoader.findTemplateSource("Extent_en.ftl"): Not found
2019-10-10 15:21:16,964 DEBUG [main] cache:45 - TemplateLoader.findTemplateSource("Extent.ftl"): Found
2019-10-10 15:21:16,965 DEBUG [main] cache:45 - Loading template for "Extent.ftl"("en_US", UTF-8, parsed) from "jar:file:/C:/Users/David.Easterraj/.m2/repository/com/relevantcodes/extentreports/2.41.2/extentreports-2.41.2.jar!/com/relevantcodes/extentreports/view/Extent.ftl"
2019-10-10 15:26:06,948  INFO [main] LogReport:21 - Chrome browser opens
2019-10-10 15:26:11,919  INFO [main] LogReport:21 - Application is open
2019-10-10 15:26:15,635  INFO [main] LogReport:21 - Games validated
2019-10-10 15:26:16,897  INFO [main] LogReport:21 - product unavailability message verified
2019-10-10 15:26:17,497 DEBUG [main] cache:45 - Couldn't find template in cache for "Extent.ftl"("en_US", UTF-8, parsed); will try to load it.
2019-10-10 15:26:17,498 DEBUG [main] cache:45 - TemplateLoader.findTemplateSource("Extent_en_US.ftl"): Not found
2019-10-10 15:26:17,503 DEBUG [main] cache:45 - TemplateLoader.findTemplateSource("Extent_en.ftl"): Not found
2019-10-10 15:26:17,505 DEBUG [main] cache:45 - TemplateLoader.findTemplateSource("Extent.ftl"): Found
2019-10-10 15:26:17,506 DEBUG [main] cache:45 - Loading template for "Extent.ftl"("en_US", UTF-8, parsed) from "jar:file:/C:/Users/David.Easterraj/.m2/repository/com/relevantcodes/extentreports/2.41.2/extentreports-2.41.2.jar!/com/relevantcodes/extentreports/view/Extent.ftl"
2019-10-10 15:29:28,576  INFO [main] LogReport:21 - Chrome browser opens
2019-10-10 15:29:34,922  INFO [main] LogReport:21 - Application is open
2019-10-10 15:29:40,226  INFO [main] LogReport:21 - Games validated
2019-10-10 15:29:41,522  INFO [main] LogReport:21 - product unavailability message verified
2019-10-10 15:29:42,097 DEBUG [main] cache:45 - Couldn't find template in cache for "Extent.ftl"("en_US", UTF-8, parsed); will try to load it.
2019-10-10 15:29:42,099 DEBUG [main] cache:45 - TemplateLoader.findTemplateSource("Extent_en_US.ftl"): Not found
2019-10-10 15:29:42,102 DEBUG [main] cache:45 - TemplateLoader.findTemplateSource("Extent_en.ftl"): Not found
2019-10-10 15:29:42,103 DEBUG [main] cache:45 - TemplateLoader.findTemplateSource("Extent.ftl"): Found
2019-10-10 15:29:42,104 DEBUG [main] cache:45 - Loading template for "Extent.ftl"("en_US", UTF-8, parsed) from "jar:file:/C:/Users/David.Easterraj/.m2/repository/com/relevantcodes/extentreports/2.41.2/extentreports-2.41.2.jar!/com/relevantcodes/extentreports/view/Extent.ftl"
2019-10-10 15:30:16,064  INFO [main] LogReport:21 - Chrome browser opens
2019-10-10 15:30:20,949  INFO [main] LogReport:21 - Application is open
2019-10-10 15:30:24,402  INFO [main] LogReport:21 - Games validated
2019-10-10 15:30:25,608  INFO [main] LogReport:21 - product unavailability message verified
2019-10-10 15:30:59,327 DEBUG [main] cache:45 - Couldn't find template in cache for "Extent.ftl"("en_US", UTF-8, parsed); will try to load it.
2019-10-10 15:30:59,328 DEBUG [main] cache:45 - TemplateLoader.findTemplateSource("Extent_en_US.ftl"): Not found
2019-10-10 15:30:59,330 DEBUG [main] cache:45 - TemplateLoader.findTemplateSource("Extent_en.ftl"): Not found
2019-10-10 15:30:59,331 DEBUG [main] cache:45 - TemplateLoader.findTemplateSource("Extent.ftl"): Found
2019-10-10 15:30:59,332 DEBUG [main] cache:45 - Loading template for "Extent.ftl"("en_US", UTF-8, parsed) from "jar:file:/C:/Users/David.Easterraj/.m2/repository/com/relevantcodes/extentreports/2.41.2/extentreports-2.41.2.jar!/com/relevantcodes/extentreports/view/Extent.ftl"
2019-10-10 15:31:46,711  INFO [main] LogReport:21 - Chrome browser opens
2019-10-10 15:31:51,582  INFO [main] LogReport:21 - Application is open
2019-10-10 15:31:55,277  INFO [main] LogReport:21 - Games validated
2019-10-10 15:31:56,872  INFO [main] LogReport:21 - product unavailability message verified
2019-10-10 15:32:00,413 DEBUG [main] cache:45 - Couldn't find template in cache for "Extent.ftl"("en_US", UTF-8, parsed); will try to load it.
2019-10-10 15:32:00,417 DEBUG [main] cache:45 - TemplateLoader.findTemplateSource("Extent_en_US.ftl"): Not found
2019-10-10 15:32:00,420 DEBUG [main] cache:45 - TemplateLoader.findTemplateSource("Extent_en.ftl"): Not found
2019-10-10 15:32:00,422 DEBUG [main] cache:45 - TemplateLoader.findTemplateSource("Extent.ftl"): Found
2019-10-10 15:32:00,424 DEBUG [main] cache:45 - Loading template for "Extent.ftl"("en_US", UTF-8, parsed) from "jar:file:/C:/Users/David.Easterraj/.m2/repository/com/relevantcodes/extentreports/2.41.2/extentreports-2.41.2.jar!/com/relevantcodes/extentreports/view/Extent.ftl"
2019-10-10 15:32:36,023  INFO [main] LogReport:21 - Chrome browser opens
2019-10-10 15:32:41,195  INFO [main] LogReport:21 - Application is open
2019-10-10 15:32:44,815  INFO [main] LogReport:21 - Games validated
2019-10-10 15:32:46,051  INFO [main] LogReport:21 - product unavailability message verified
2019-10-10 15:32:49,670 DEBUG [main] cache:45 - Couldn't find template in cache for "Extent.ftl"("en_US", UTF-8, parsed); will try to load it.
2019-10-10 15:32:49,672 DEBUG [main] cache:45 - TemplateLoader.findTemplateSource("Extent_en_US.ftl"): Not found
2019-10-10 15:32:49,675 DEBUG [main] cache:45 - TemplateLoader.findTemplateSource("Extent_en.ftl"): Not found
2019-10-10 15:32:49,676 DEBUG [main] cache:45 - TemplateLoader.findTemplateSource("Extent.ftl"): Found
2019-10-10 15:32:49,678 DEBUG [main] cache:45 - Loading template for "Extent.ftl"("en_US", UTF-8, parsed) from "jar:file:/C:/Users/David.Easterraj/.m2/repository/com/relevantcodes/extentreports/2.41.2/extentreports-2.41.2.jar!/com/relevantcodes/extentreports/view/Extent.ftl"
2019-10-10 15:33:37,434  INFO [main] LogReport:21 - Chrome browser opens
2019-10-10 15:33:42,559  INFO [main] LogReport:21 - Application is open
2019-10-10 15:33:46,150  INFO [main] LogReport:21 - Games validated
2019-10-10 15:33:47,521  INFO [main] LogReport:21 - product unavailability message verified
2019-10-10 15:33:50,821 DEBUG [main] cache:45 - Couldn't find template in cache for "Extent.ftl"("en_US", UTF-8, parsed); will try to load it.
2019-10-10 15:33:50,821 DEBUG [main] cache:45 - TemplateLoader.findTemplateSource("Extent_en_US.ftl"): Not found
2019-10-10 15:33:50,821 DEBUG [main] cache:45 - TemplateLoader.findTemplateSource("Extent_en.ftl"): Not found
2019-10-10 15:33:50,821 DEBUG [main] cache:45 - TemplateLoader.findTemplateSource("Extent.ftl"): Found
2019-10-10 15:33:50,821 DEBUG [main] cache:45 - Loading template for "Extent.ftl"("en_US", UTF-8, parsed) from "jar:file:/C:/Users/David.Easterraj/.m2/repository/com/relevantcodes/extentreports/2.41.2/extentreports-2.41.2.jar!/com/relevantcodes/extentreports/view/Extent.ftl"
2019-10-10 15:35:02,112  INFO [main] LogReport:21 - Chrome browser opens
2019-10-10 15:35:06,761  INFO [main] LogReport:21 - Application is open
2019-10-10 15:35:10,409  INFO [main] LogReport:21 - Games validated
2019-10-10 15:35:11,807  INFO [main] LogReport:21 - product unavailability message verified
2019-10-10 15:35:45,500 DEBUG [main] cache:45 - Couldn't find template in cache for "Extent.ftl"("en_US", UTF-8, parsed); will try to load it.
2019-10-10 15:35:45,502 DEBUG [main] cache:45 - TemplateLoader.findTemplateSource("Extent_en_US.ftl"): Not found
2019-10-10 15:35:45,505 DEBUG [main] cache:45 - TemplateLoader.findTemplateSource("Extent_en.ftl"): Not found
2019-10-10 15:35:45,508 DEBUG [main] cache:45 - TemplateLoader.findTemplateSource("Extent.ftl"): Found
2019-10-10 15:35:45,509 DEBUG [main] cache:45 - Loading template for "Extent.ftl"("en_US", UTF-8, parsed) from "jar:file:/C:/Users/David.Easterraj/.m2/repository/com/relevantcodes/extentreports/2.41.2/extentreports-2.41.2.jar!/com/relevantcodes/extentreports/view/Extent.ftl"
2019-10-10 15:38:44,248  INFO [main] LogReport:21 - Chrome browser opens
2019-10-10 15:38:54,837  INFO [main] LogReport:21 - Application is open
2019-10-10 15:38:58,242  INFO [main] LogReport:21 - Games validated
2019-10-10 15:38:59,443  INFO [main] LogReport:21 - product unavailability message verified
2019-10-10 15:39:33,127 DEBUG [main] cache:45 - Couldn't find template in cache for "Extent.ftl"("en_US", UTF-8, parsed); will try to load it.
2019-10-10 15:39:33,128 DEBUG [main] cache:45 - TemplateLoader.findTemplateSource("Extent_en_US.ftl"): Not found
2019-10-10 15:39:33,130 DEBUG [main] cache:45 - TemplateLoader.findTemplateSource("Extent_en.ftl"): Not found
2019-10-10 15:39:33,131 DEBUG [main] cache:45 - TemplateLoader.findTemplateSource("Extent.ftl"): Found
2019-10-10 15:39:33,132 DEBUG [main] cache:45 - Loading template for "Extent.ftl"("en_US", UTF-8, parsed) from "jar:file:/C:/Users/David.Easterraj/.m2/repository/com/relevantcodes/extentreports/2.41.2/extentreports-2.41.2.jar!/com/relevantcodes/extentreports/view/Extent.ftl"
2019-10-10 15:41:08,543  INFO [main] LogReport:21 - Chrome browser opens
2019-10-10 15:41:13,435  INFO [main] LogReport:21 - Application is open
2019-10-10 15:41:17,256  INFO [main] LogReport:21 - Games validated
2019-10-10 15:41:18,538  INFO [main] LogReport:21 - product unavailability message verified
2019-10-10 15:41:52,213 DEBUG [main] cache:45 - Couldn't find template in cache for "Extent.ftl"("en_US", UTF-8, parsed); will try to load it.
2019-10-10 15:41:52,216 DEBUG [main] cache:45 - TemplateLoader.findTemplateSource("Extent_en_US.ftl"): Not found
2019-10-10 15:41:52,218 DEBUG [main] cache:45 - TemplateLoader.findTemplateSource("Extent_en.ftl"): Not found
2019-10-10 15:41:52,219 DEBUG [main] cache:45 - TemplateLoader.findTemplateSource("Extent.ftl"): Found
2019-10-10 15:41:52,220 DEBUG [main] cache:45 - Loading template for "Extent.ftl"("en_US", UTF-8, parsed) from "jar:file:/C:/Users/David.Easterraj/.m2/repository/com/relevantcodes/extentreports/2.41.2/extentreports-2.41.2.jar!/com/relevantcodes/extentreports/view/Extent.ftl"
2019-10-10 15:43:02,509  INFO [main] LogReport:21 - Chrome browser opens
2019-10-10 15:43:07,048  INFO [main] LogReport:21 - Application is open
2019-10-10 15:43:10,665  INFO [main] LogReport:21 - Games validated
2019-10-10 15:43:11,907  INFO [main] LogReport:21 - product unavailability message verified
2019-10-10 15:43:48,030 DEBUG [main] cache:45 - Couldn't find template in cache for "Extent.ftl"("en_US", UTF-8, parsed); will try to load it.
2019-10-10 15:43:48,032 DEBUG [main] cache:45 - TemplateLoader.findTemplateSource("Extent_en_US.ftl"): Not found
2019-10-10 15:43:48,034 DEBUG [main] cache:45 - TemplateLoader.findTemplateSource("Extent_en.ftl"): Not found
2019-10-10 15:43:48,035 DEBUG [main] cache:45 - TemplateLoader.findTemplateSource("Extent.ftl"): Found
2019-10-10 15:43:48,035 DEBUG [main] cache:45 - Loading template for "Extent.ftl"("en_US", UTF-8, parsed) from "jar:file:/C:/Users/David.Easterraj/.m2/repository/com/relevantcodes/extentreports/2.41.2/extentreports-2.41.2.jar!/com/relevantcodes/extentreports/view/Extent.ftl"
2019-10-10 15:44:47,069  INFO [main] LogReport:21 - Chrome browser opens
2019-10-10 15:44:51,595  INFO [main] LogReport:21 - Application is open
2019-10-10 15:44:55,299  INFO [main] LogReport:21 - Games validated
2019-10-10 15:44:56,653  INFO [main] LogReport:21 - product unavailability message verified
2019-10-10 15:45:32,733 DEBUG [main] cache:45 - Couldn't find template in cache for "Extent.ftl"("en_US", UTF-8, parsed); will try to load it.
2019-10-10 15:45:32,734 DEBUG [main] cache:45 - TemplateLoader.findTemplateSource("Extent_en_US.ftl"): Not found
2019-10-10 15:45:32,736 DEBUG [main] cache:45 - TemplateLoader.findTemplateSource("Extent_en.ftl"): Not found
2019-10-10 15:45:32,737 DEBUG [main] cache:45 - TemplateLoader.findTemplateSource("Extent.ftl"): Found
2019-10-10 15:45:32,738 DEBUG [main] cache:45 - Loading template for "Extent.ftl"("en_US", UTF-8, parsed) from "jar:file:/C:/Users/David.Easterraj/.m2/repository/com/relevantcodes/extentreports/2.41.2/extentreports-2.41.2.jar!/com/relevantcodes/extentreports/view/Extent.ftl"
2019-10-10 15:54:57,396  INFO [main] LogReport:21 - Chrome browser opens
2019-10-10 15:55:03,716  INFO [main] LogReport:21 - Application is open
2019-10-10 15:55:07,486  INFO [main] LogReport:21 - Games validated
2019-10-10 15:55:08,849  INFO [main] LogReport:21 - product unavailability message verified
2019-10-10 15:55:45,218 DEBUG [main] cache:45 - Couldn't find template in cache for "Extent.ftl"("en_US", UTF-8, parsed); will try to load it.
2019-10-10 15:55:45,220 DEBUG [main] cache:45 - TemplateLoader.findTemplateSource("Extent_en_US.ftl"): Not found
2019-10-10 15:55:45,222 DEBUG [main] cache:45 - TemplateLoader.findTemplateSource("Extent_en.ftl"): Not found
2019-10-10 15:55:45,223 DEBUG [main] cache:45 - TemplateLoader.findTemplateSource("Extent.ftl"): Found
2019-10-10 15:55:45,224 DEBUG [main] cache:45 - Loading template for "Extent.ftl"("en_US", UTF-8, parsed) from "jar:file:/C:/Users/David.Easterraj/.m2/repository/com/relevantcodes/extentreports/2.41.2/extentreports-2.41.2.jar!/com/relevantcodes/extentreports/view/Extent.ftl"
2019-10-10 15:57:57,730  INFO [main] LogReport:21 - Chrome browser opens
2019-10-10 15:58:06,305  INFO [main] LogReport:21 - Application is open
2019-10-10 15:58:11,637  INFO [main] LogReport:21 - Games validated
2019-10-10 15:58:12,843  INFO [main] LogReport:21 - product unavailability message verified
2019-10-10 15:59:09,514 DEBUG [main] cache:45 - Couldn't find template in cache for "Extent.ftl"("en_US", UTF-8, parsed); will try to load it.
2019-10-10 15:59:09,516 DEBUG [main] cache:45 - TemplateLoader.findTemplateSource("Extent_en_US.ftl"): Not found
2019-10-10 15:59:09,518 DEBUG [main] cache:45 - TemplateLoader.findTemplateSource("Extent_en.ftl"): Not found
2019-10-10 15:59:09,519 DEBUG [main] cache:45 - TemplateLoader.findTemplateSource("Extent.ftl"): Found
2019-10-10 15:59:09,520 DEBUG [main] cache:45 - Loading template for "Extent.ftl"("en_US", UTF-8, parsed) from "jar:file:/C:/Users/David.Easterraj/.m2/repository/com/relevantcodes/extentreports/2.41.2/extentreports-2.41.2.jar!/com/relevantcodes/extentreports/view/Extent.ftl"
2019-10-10 16:00:41,162  INFO [main] LogReport:21 - Chrome browser opens
2019-10-10 16:00:46,114  INFO [main] LogReport:21 - Application is open
2019-10-10 16:00:49,856  INFO [main] LogReport:21 - Games validated
2019-10-10 16:00:51,073  INFO [main] LogReport:21 - product unavailability message verified
2019-10-10 16:01:27,342 DEBUG [main] cache:45 - Couldn't find template in cache for "Extent.ftl"("en_US", UTF-8, parsed); will try to load it.
2019-10-10 16:01:27,344 DEBUG [main] cache:45 - TemplateLoader.findTemplateSource("Extent_en_US.ftl"): Not found
2019-10-10 16:01:27,346 DEBUG [main] cache:45 - TemplateLoader.findTemplateSource("Extent_en.ftl"): Not found
2019-10-10 16:01:27,347 DEBUG [main] cache:45 - TemplateLoader.findTemplateSource("Extent.ftl"): Found
2019-10-10 16:01:27,347 DEBUG [main] cache:45 - Loading template for "Extent.ftl"("en_US", UTF-8, parsed) from "jar:file:/C:/Users/David.Easterraj/.m2/repository/com/relevantcodes/extentreports/2.41.2/extentreports-2.41.2.jar!/com/relevantcodes/extentreports/view/Extent.ftl"
2019-10-10 16:02:04,828  INFO [main] LogReport:21 - Chrome browser opens
2019-10-10 16:02:09,298  INFO [main] LogReport:21 - Application is open
2019-10-10 16:02:12,697  INFO [main] LogReport:21 - Games validated
2019-10-10 16:02:13,955  INFO [main] LogReport:21 - product unavailability message verified
2019-10-10 16:02:38,775 DEBUG [main] cache:45 - Couldn't find template in cache for "Extent.ftl"("en_US", UTF-8, parsed); will try to load it.
2019-10-10 16:02:38,776 DEBUG [main] cache:45 - TemplateLoader.findTemplateSource("Extent_en_US.ftl"): Not found
2019-10-10 16:02:38,777 DEBUG [main] cache:45 - TemplateLoader.findTemplateSource("Extent_en.ftl"): Not found
2019-10-10 16:02:38,779 DEBUG [main] cache:45 - TemplateLoader.findTemplateSource("Extent.ftl"): Found
2019-10-10 16:02:38,779 DEBUG [main] cache:45 - Loading template for "Extent.ftl"("en_US", UTF-8, parsed) from "jar:file:/C:/Users/David.Easterraj/.m2/repository/com/relevantcodes/extentreports/2.41.2/extentreports-2.41.2.jar!/com/relevantcodes/extentreports/view/Extent.ftl"
2019-10-10 16:03:45,341  INFO [main] LogReport:21 - Chrome browser opens
2019-10-10 16:03:53,709  INFO [main] LogReport:21 - Application is open
2019-10-10 16:03:59,622  INFO [main] LogReport:21 - Games validated
2019-10-10 16:04:00,760  INFO [main] LogReport:21 - product unavailability message verified
2019-10-10 16:04:32,591 DEBUG [main] cache:45 - Couldn't find template in cache for "Extent.ftl"("en_US", UTF-8, parsed); will try to load it.
2019-10-10 16:04:32,593 DEBUG [main] cache:45 - TemplateLoader.findTemplateSource("Extent_en_US.ftl"): Not found
2019-10-10 16:04:32,595 DEBUG [main] cache:45 - TemplateLoader.findTemplateSource("Extent_en.ftl"): Not found
2019-10-10 16:04:32,596 DEBUG [main] cache:45 - TemplateLoader.findTemplateSource("Extent.ftl"): Found
2019-10-10 16:04:32,597 DEBUG [main] cache:45 - Loading template for "Extent.ftl"("en_US", UTF-8, parsed) from "jar:file:/C:/Users/David.Easterraj/.m2/repository/com/relevantcodes/extentreports/2.41.2/extentreports-2.41.2.jar!/com/relevantcodes/extentreports/view/Extent.ftl"
2019-10-10 16:05:42,295  INFO [main] LogReport:21 - Chrome browser opens
2019-10-10 16:05:47,535  INFO [main] LogReport:21 - Application is open
2019-10-10 16:05:51,416  INFO [main] LogReport:21 - Games validated
2019-10-10 16:05:52,747  INFO [main] LogReport:21 - product unavailability message verified
2019-10-10 16:06:16,696 DEBUG [main] cache:45 - Couldn't find template in cache for "Extent.ftl"("en_US", UTF-8, parsed); will try to load it.
2019-10-10 16:06:16,697 DEBUG [main] cache:45 - TemplateLoader.findTemplateSource("Extent_en_US.ftl"): Not found
2019-10-10 16:06:16,698 DEBUG [main] cache:45 - TemplateLoader.findTemplateSource("Extent_en.ftl"): Not found
2019-10-10 16:06:16,700 DEBUG [main] cache:45 - TemplateLoader.findTemplateSource("Extent.ftl"): Found
2019-10-10 16:06:16,700 DEBUG [main] cache:45 - Loading template for "Extent.ftl"("en_US", UTF-8, parsed) from "jar:file:/C:/Users/David.Easterraj/.m2/repository/com/relevantcodes/extentreports/2.41.2/extentreports-2.41.2.jar!/com/relevantcodes/extentreports/view/Extent.ftl"
2019-10-10 16:09:43,850  INFO [main] LogReport:21 - Chrome browser opens
2019-10-10 16:09:48,349  INFO [main] LogReport:21 - Application is open
2019-10-10 16:09:51,783  INFO [main] LogReport:21 - Games validated
2019-10-10 16:09:53,066  INFO [main] LogReport:21 - product unavailability message verified
2019-10-10 16:10:17,774 DEBUG [main] cache:45 - Couldn't find template in cache for "Extent.ftl"("en_US", UTF-8, parsed); will try to load it.
2019-10-10 16:10:17,775 DEBUG [main] cache:45 - TemplateLoader.findTemplateSource("Extent_en_US.ftl"): Not found
2019-10-10 16:10:17,777 DEBUG [main] cache:45 - TemplateLoader.findTemplateSource("Extent_en.ftl"): Not found
2019-10-10 16:10:17,778 DEBUG [main] cache:45 - TemplateLoader.findTemplateSource("Extent.ftl"): Found
2019-10-10 16:10:17,779 DEBUG [main] cache:45 - Loading template for "Extent.ftl"("en_US", UTF-8, parsed) from "jar:file:/C:/Users/David.Easterraj/.m2/repository/com/relevantcodes/extentreports/2.41.2/extentreports-2.41.2.jar!/com/relevantcodes/extentreports/view/Extent.ftl"
2019-10-10 16:28:49,576  INFO [main] LogReport:21 - Chrome browser opens
2019-10-10 16:28:55,024  INFO [main] LogReport:21 - Application is open
2019-10-10 16:28:58,783  INFO [main] LogReport:21 - Games validated
2019-10-10 16:29:00,168  INFO [main] LogReport:21 - product unavailability message verified
2019-10-10 16:29:35,742 DEBUG [main] cache:45 - Couldn't find template in cache for "Extent.ftl"("en_US", UTF-8, parsed); will try to load it.
2019-10-10 16:29:35,758 DEBUG [main] cache:45 - TemplateLoader.findTemplateSource("Extent_en_US.ftl"): Not found
2019-10-10 16:29:35,758 DEBUG [main] cache:45 - TemplateLoader.findTemplateSource("Extent_en.ftl"): Not found
2019-10-10 16:29:35,758 DEBUG [main] cache:45 - TemplateLoader.findTemplateSource("Extent.ftl"): Found
2019-10-10 16:29:35,758 DEBUG [main] cache:45 - Loading template for "Extent.ftl"("en_US", UTF-8, parsed) from "jar:file:/C:/Users/David.Easterraj/.m2/repository/com/relevantcodes/extentreports/2.41.2/extentreports-2.41.2.jar!/com/relevantcodes/extentreports/view/Extent.ftl"
2019-10-10 16:29:43,693  INFO [main] LogReport:21 - Chrome browser opens
2019-10-10 16:29:48,878  INFO [main] LogReport:21 - Application is open
2019-10-10 16:29:53,051  INFO [main] LogReport:21 - Games validated
2019-10-10 16:29:55,663  INFO [main] LogReport:21 - product unavailability message verified
2019-10-10 16:30:32,530 DEBUG [main] cache:45 - Couldn't find template in cache for "Extent.ftl"("en_US", UTF-8, parsed); will try to load it.
2019-10-10 16:30:32,532 DEBUG [main] cache:45 - TemplateLoader.findTemplateSource("Extent_en_US.ftl"): Not found
2019-10-10 16:30:32,533 DEBUG [main] cache:45 - TemplateLoader.findTemplateSource("Extent_en.ftl"): Not found
2019-10-10 16:30:32,534 DEBUG [main] cache:45 - TemplateLoader.findTemplateSource("Extent.ftl"): Found
2019-10-10 16:30:32,535 DEBUG [main] cache:45 - Loading template for "Extent.ftl"("en_US", UTF-8, parsed) from "jar:file:/C:/Users/David.Easterraj/.m2/repository/com/relevantcodes/extentreports/2.41.2/extentreports-2.41.2.jar!/com/relevantcodes/extentreports/view/Extent.ftl"
2019-10-10 16:31:02,435  INFO [main] LogReport:21 - Chrome browser opens
2019-10-10 16:31:07,048  INFO [main] LogReport:21 - Application is open
2019-10-10 16:31:10,373  INFO [main] LogReport:21 - Games validated
2019-10-10 16:31:11,625  INFO [main] LogReport:21 - product unavailability message verified
2019-10-10 16:31:34,840 DEBUG [main] cache:45 - Couldn't find template in cache for "Extent.ftl"("en_US", UTF-8, parsed); will try to load it.
2019-10-10 16:31:34,842 DEBUG [main] cache:45 - TemplateLoader.findTemplateSource("Extent_en_US.ftl"): Not found
2019-10-10 16:31:34,844 DEBUG [main] cache:45 - TemplateLoader.findTemplateSource("Extent_en.ftl"): Not found
2019-10-10 16:31:34,846 DEBUG [main] cache:45 - TemplateLoader.findTemplateSource("Extent.ftl"): Found
2019-10-10 16:31:34,846 DEBUG [main] cache:45 - Loading template for "Extent.ftl"("en_US", UTF-8, parsed) from "jar:file:/C:/Users/David.Easterraj/.m2/repository/com/relevantcodes/extentreports/2.41.2/extentreports-2.41.2.jar!/com/relevantcodes/extentreports/view/Extent.ftl"
2019-10-10 16:31:59,578  INFO [main] LogReport:21 - Chrome browser opens
2019-10-10 16:32:04,119  INFO [main] LogReport:21 - Application is open
2019-10-10 16:32:07,868  INFO [main] LogReport:21 - Games validated
2019-10-10 16:32:09,133  INFO [main] LogReport:21 - product unavailability message verified
2019-10-10 16:32:34,635 DEBUG [main] cache:45 - Couldn't find template in cache for "Extent.ftl"("en_US", UTF-8, parsed); will try to load it.
2019-10-10 16:32:34,637 DEBUG [main] cache:45 - TemplateLoader.findTemplateSource("Extent_en_US.ftl"): Not found
2019-10-10 16:32:34,639 DEBUG [main] cache:45 - TemplateLoader.findTemplateSource("Extent_en.ftl"): Not found
2019-10-10 16:32:34,640 DEBUG [main] cache:45 - TemplateLoader.findTemplateSource("Extent.ftl"): Found
2019-10-10 16:32:34,641 DEBUG [main] cache:45 - Loading template for "Extent.ftl"("en_US", UTF-8, parsed) from "jar:file:/C:/Users/David.Easterraj/.m2/repository/com/relevantcodes/extentreports/2.41.2/extentreports-2.41.2.jar!/com/relevantcodes/extentreports/view/Extent.ftl"
2019-10-10 16:36:11,072  INFO [main] LogReport:21 - Chrome browser opens
2019-10-10 16:36:15,630  INFO [main] LogReport:21 - Application is open
2019-10-10 16:36:19,551  INFO [main] LogReport:21 - Games validated
2019-10-10 16:36:20,987  INFO [main] LogReport:21 - product unavailability message verified
2019-10-10 16:36:47,083  INFO [main] LogReport:21 - Arranged in  ascending order
2019-10-10 16:36:47,084  INFO [main] LogReport:21 - Arranged in  ascending order
2019-10-10 16:36:47,085  INFO [main] LogReport:21 - Arranged in  ascending order
2019-10-10 16:36:56,049 DEBUG [main] cache:45 - Couldn't find template in cache for "Extent.ftl"("en_US", UTF-8, parsed); will try to load it.
2019-10-10 16:36:56,051 DEBUG [main] cache:45 - TemplateLoader.findTemplateSource("Extent_en_US.ftl"): Not found
2019-10-10 16:36:56,053 DEBUG [main] cache:45 - TemplateLoader.findTemplateSource("Extent_en.ftl"): Not found
2019-10-10 16:36:56,055 DEBUG [main] cache:45 - TemplateLoader.findTemplateSource("Extent.ftl"): Found
2019-10-10 16:36:56,056 DEBUG [main] cache:45 - Loading template for "Extent.ftl"("en_US", UTF-8, parsed) from "jar:file:/C:/Users/David.Easterraj/.m2/repository/com/relevantcodes/extentreports/2.41.2/extentreports-2.41.2.jar!/com/relevantcodes/extentreports/view/Extent.ftl"
2019-10-10 16:37:35,572  INFO [main] LogReport:21 - Chrome browser opens
2019-10-10 16:37:40,098  INFO [main] LogReport:21 - Application is open
2019-10-10 16:37:43,609  INFO [main] LogReport:21 - Games validated
2019-10-10 16:37:44,821  INFO [main] LogReport:21 - product unavailability message verified
2019-10-10 16:38:08,142 DEBUG [main] cache:45 - Couldn't find template in cache for "Extent.ftl"("en_US", UTF-8, parsed); will try to load it.
2019-10-10 16:38:08,144 DEBUG [main] cache:45 - TemplateLoader.findTemplateSource("Extent_en_US.ftl"): Not found
2019-10-10 16:38:08,146 DEBUG [main] cache:45 - TemplateLoader.findTemplateSource("Extent_en.ftl"): Not found
2019-10-10 16:38:08,148 DEBUG [main] cache:45 - TemplateLoader.findTemplateSource("Extent.ftl"): Found
2019-10-10 16:38:08,148 DEBUG [main] cache:45 - Loading template for "Extent.ftl"("en_US", UTF-8, parsed) from "jar:file:/C:/Users/David.Easterraj/.m2/repository/com/relevantcodes/extentreports/2.41.2/extentreports-2.41.2.jar!/com/relevantcodes/extentreports/view/Extent.ftl"
2019-10-10 16:38:55,159  INFO [main] LogReport:21 - Chrome browser opens
2019-10-10 16:39:00,269  INFO [main] LogReport:21 - Application is open
2019-10-10 16:39:03,696  INFO [main] LogReport:21 - Games validated
2019-10-10 16:39:04,975  INFO [main] LogReport:21 - product unavailability message verified
2019-10-10 16:39:27,979 DEBUG [main] cache:45 - Couldn't find template in cache for "Extent.ftl"("en_US", UTF-8, parsed); will try to load it.
2019-10-10 16:39:27,981 DEBUG [main] cache:45 - TemplateLoader.findTemplateSource("Extent_en_US.ftl"): Not found
2019-10-10 16:39:27,983 DEBUG [main] cache:45 - TemplateLoader.findTemplateSource("Extent_en.ftl"): Not found
2019-10-10 16:39:27,985 DEBUG [main] cache:45 - TemplateLoader.findTemplateSource("Extent.ftl"): Found
2019-10-10 16:39:27,985 DEBUG [main] cache:45 - Loading template for "Extent.ftl"("en_US", UTF-8, parsed) from "jar:file:/C:/Users/David.Easterraj/.m2/repository/com/relevantcodes/extentreports/2.41.2/extentreports-2.41.2.jar!/com/relevantcodes/extentreports/view/Extent.ftl"
2019-10-10 16:42:53,843  INFO [main] LogReport:21 - Chrome browser opens
2019-10-10 16:42:58,515  INFO [main] LogReport:21 - Application is open
2019-10-10 16:43:02,614  INFO [main] LogReport:21 - Games validated
2019-10-10 16:43:03,995  INFO [main] LogReport:21 - product unavailability message verified
2019-10-10 16:43:26,665 DEBUG [main] cache:45 - Couldn't find template in cache for "Extent.ftl"("en_US", UTF-8, parsed); will try to load it.
2019-10-10 16:43:26,666 DEBUG [main] cache:45 - TemplateLoader.findTemplateSource("Extent_en_US.ftl"): Not found
2019-10-10 16:43:26,668 DEBUG [main] cache:45 - TemplateLoader.findTemplateSource("Extent_en.ftl"): Not found
2019-10-10 16:43:26,670 DEBUG [main] cache:45 - TemplateLoader.findTemplateSource("Extent.ftl"): Found
2019-10-10 16:43:26,670 DEBUG [main] cache:45 - Loading template for "Extent.ftl"("en_US", UTF-8, parsed) from "jar:file:/C:/Users/David.Easterraj/.m2/repository/com/relevantcodes/extentreports/2.41.2/extentreports-2.41.2.jar!/com/relevantcodes/extentreports/view/Extent.ftl"
2019-10-10 16:46:25,937  INFO [main] LogReport:21 - Chrome browser opens
2019-10-10 16:46:30,526  INFO [main] LogReport:21 - Application is open
2019-10-10 16:46:34,058  INFO [main] LogReport:21 - Games validated
2019-10-10 16:46:35,504  INFO [main] LogReport:21 - product unavailability message verified
2019-10-10 16:47:00,432  INFO [main] LogReport:21 - Arranged in  ascending order
2019-10-10 16:47:00,432  INFO [main] LogReport:21 - Arranged in  ascending order
2019-10-10 16:47:00,433  INFO [main] LogReport:21 - Arranged in  ascending order
2019-10-10 16:47:02,630 DEBUG [main] cache:45 - Couldn't find template in cache for "Extent.ftl"("en_US", UTF-8, parsed); will try to load it.
2019-10-10 16:47:02,632 DEBUG [main] cache:45 - TemplateLoader.findTemplateSource("Extent_en_US.ftl"): Not found
2019-10-10 16:47:02,635 DEBUG [main] cache:45 - TemplateLoader.findTemplateSource("Extent_en.ftl"): Not found
2019-10-10 16:47:02,636 DEBUG [main] cache:45 - TemplateLoader.findTemplateSource("Extent.ftl"): Found
2019-10-10 16:47:02,636 DEBUG [main] cache:45 - Loading template for "Extent.ftl"("en_US", UTF-8, parsed) from "jar:file:/C:/Users/David.Easterraj/.m2/repository/com/relevantcodes/extentreports/2.41.2/extentreports-2.41.2.jar!/com/relevantcodes/extentreports/view/Extent.ftl"
2019-10-10 16:48:40,682  INFO [main] LogReport:21 - Chrome browser opens
2019-10-10 16:48:45,835  INFO [main] LogReport:21 - Application is open
2019-10-10 16:48:49,835  INFO [main] LogReport:21 - Games validated
2019-10-10 16:48:51,156  INFO [main] LogReport:21 - product unavailability message verified
2019-10-10 16:49:12,179 DEBUG [main] cache:45 - Couldn't find template in cache for "Extent.ftl"("en_US", UTF-8, parsed); will try to load it.
2019-10-10 16:49:12,181 DEBUG [main] cache:45 - TemplateLoader.findTemplateSource("Extent_en_US.ftl"): Not found
2019-10-10 16:49:12,186 DEBUG [main] cache:45 - TemplateLoader.findTemplateSource("Extent_en.ftl"): Not found
2019-10-10 16:49:12,188 DEBUG [main] cache:45 - TemplateLoader.findTemplateSource("Extent.ftl"): Found
2019-10-10 16:49:12,189 DEBUG [main] cache:45 - Loading template for "Extent.ftl"("en_US", UTF-8, parsed) from "jar:file:/C:/Users/David.Easterraj/.m2/repository/com/relevantcodes/extentreports/2.41.2/extentreports-2.41.2.jar!/com/relevantcodes/extentreports/view/Extent.ftl"
2019-10-10 16:49:15,365  INFO [main] LogReport:21 - Chrome browser opens
2019-10-10 16:49:20,217  INFO [main] LogReport:21 - Application is open
2019-10-10 16:49:23,720  INFO [main] LogReport:21 - Games validated
2019-10-10 16:49:24,914  INFO [main] LogReport:21 - product unavailability message verified
2019-10-10 16:49:47,815 DEBUG [main] cache:45 - Couldn't find template in cache for "Extent.ftl"("en_US", UTF-8, parsed); will try to load it.
2019-10-10 16:49:47,816 DEBUG [main] cache:45 - TemplateLoader.findTemplateSource("Extent_en_US.ftl"): Not found
2019-10-10 16:49:47,818 DEBUG [main] cache:45 - TemplateLoader.findTemplateSource("Extent_en.ftl"): Not found
2019-10-10 16:49:47,820 DEBUG [main] cache:45 - TemplateLoader.findTemplateSource("Extent.ftl"): Found
2019-10-10 16:49:47,821 DEBUG [main] cache:45 - Loading template for "Extent.ftl"("en_US", UTF-8, parsed) from "jar:file:/C:/Users/David.Easterraj/.m2/repository/com/relevantcodes/extentreports/2.41.2/extentreports-2.41.2.jar!/com/relevantcodes/extentreports/view/Extent.ftl"
2019-10-10 16:51:21,284  INFO [main] LogReport:21 - Chrome browser opens
2019-10-10 16:51:28,030  INFO [main] LogReport:21 - Application is open
2019-10-10 16:51:32,205  INFO [main] LogReport:21 - Games validated
2019-10-10 16:51:33,652  INFO [main] LogReport:21 - product unavailability message verified
2019-10-10 16:51:57,087 DEBUG [main] cache:45 - Couldn't find template in cache for "Extent.ftl"("en_US", UTF-8, parsed); will try to load it.
2019-10-10 16:51:57,089 DEBUG [main] cache:45 - TemplateLoader.findTemplateSource("Extent_en_US.ftl"): Not found
2019-10-10 16:51:57,091 DEBUG [main] cache:45 - TemplateLoader.findTemplateSource("Extent_en.ftl"): Not found
2019-10-10 16:51:57,093 DEBUG [main] cache:45 - TemplateLoader.findTemplateSource("Extent.ftl"): Found
2019-10-10 16:51:57,094 DEBUG [main] cache:45 - Loading template for "Extent.ftl"("en_US", UTF-8, parsed) from "jar:file:/C:/Users/David.Easterraj/.m2/repository/com/relevantcodes/extentreports/2.41.2/extentreports-2.41.2.jar!/com/relevantcodes/extentreports/view/Extent.ftl"
2019-10-10 16:52:19,611  INFO [main] LogReport:21 - Chrome browser opens
2019-10-10 16:52:27,687  INFO [main] LogReport:21 - Application is open
2019-10-10 16:52:32,098  INFO [main] LogReport:21 - Games validated
2019-10-10 16:52:34,998  INFO [main] LogReport:21 - product unavailability message verified
2019-10-10 16:53:07,255  INFO [main] LogReport:21 - Arranged in  ascending order
2019-10-10 16:53:07,256  INFO [main] LogReport:21 - Arranged in  ascending order
2019-10-10 16:53:07,257  INFO [main] LogReport:21 - Arranged in  ascending order
2019-10-10 16:53:09,244  INFO [main] LogReport:21 - Arranged in descending order
2019-10-10 16:53:09,245  INFO [main] LogReport:21 - Arranged in descending order
2019-10-10 16:53:14,303  INFO [main] LogReport:21 - Arranged in oldest fist
2019-10-10 16:53:14,304  INFO [main] LogReport:21 - Arranged in oldest fist
2019-10-10 16:53:14,305  INFO [main] LogReport:21 - Arranged in oldest fist
2019-10-10 16:53:21,356  INFO [main] LogReport:21 - Arranged in Most Recent fist
2019-10-10 16:53:21,356  INFO [main] LogReport:21 - Arranged in Most Recent fist
2019-10-10 16:53:21,357  INFO [main] LogReport:21 - Arranged in Most Recent fist
2019-10-10 16:53:23,877 DEBUG [main] cache:45 - Couldn't find template in cache for "Extent.ftl"("en_US", UTF-8, parsed); will try to load it.
2019-10-10 16:53:23,879 DEBUG [main] cache:45 - TemplateLoader.findTemplateSource("Extent_en_US.ftl"): Not found
2019-10-10 16:53:23,882 DEBUG [main] cache:45 - TemplateLoader.findTemplateSource("Extent_en.ftl"): Not found
2019-10-10 16:53:23,883 DEBUG [main] cache:45 - TemplateLoader.findTemplateSource("Extent.ftl"): Found
2019-10-10 16:53:23,884 DEBUG [main] cache:45 - Loading template for "Extent.ftl"("en_US", UTF-8, parsed) from "jar:file:/C:/Users/David.Easterraj/.m2/repository/com/relevantcodes/extentreports/2.41.2/extentreports-2.41.2.jar!/com/relevantcodes/extentreports/view/Extent.ftl"
